This is pdfTeX, Version 3.14159265-2.6-1.40.16 (TeX Live 2015) (preloaded format=pdflatex 2015.8.9)  29 DEC 2015 21:28
entering extended mode
 restricted \write18 enabled.
 %&-line parsing enabled.
**report.tex
(./report.tex
LaTeX2e <2015/01/01>
Babel <3.9l> and hyphenation patterns for 79 languages loaded.
(/usr/local/texlive/2015/texmf-dist/tex/latex/base/article.cls
Document Class: article 2014/09/29 v1.4h Standard LaTeX document class
(/usr/local/texlive/2015/texmf-dist/tex/latex/base/size11.clo
File: size11.clo 2014/09/29 v1.4h Standard LaTeX file (size option)
)
\c@part=\count79
\c@section=\count80
\c@subsection=\count81
\c@subsubsection=\count82
\c@paragraph=\count83
\c@subparagraph=\count84
\c@figure=\count85
\c@table=\count86
\abovecaptionskip=\skip41
\belowcaptionskip=\skip42
\bibindent=\dimen102
)
(/usr/local/texlive/2015/texmf-dist/tex/latex/geometry/geometry.sty
Package: geometry 2010/09/12 v5.6 Page Geometry

(/usr/local/texlive/2015/texmf-dist/tex/latex/graphics/keyval.sty
Package: keyval 2014/10/28 v1.15 key=value parser (DPC)
\KV@toks@=\toks14
)
(/usr/local/texlive/2015/texmf-dist/tex/generic/oberdiek/ifpdf.sty
Package: ifpdf 2011/01/30 v2.3 Provides the ifpdf switch (HO)
Package ifpdf Info: pdfTeX in PDF mode is detected.
)
(/usr/local/texlive/2015/texmf-dist/tex/generic/oberdiek/ifvtex.sty
Package: ifvtex 2010/03/01 v1.5 Detect VTeX and its facilities (HO)
Package ifvtex Info: VTeX not detected.
)
(/usr/local/texlive/2015/texmf-dist/tex/generic/ifxetex/ifxetex.sty
Package: ifxetex 2010/09/12 v0.6 Provides ifxetex conditional
)
\Gm@cnth=\count87
\Gm@cntv=\count88
\c@Gm@tempcnt=\count89
\Gm@bindingoffset=\dimen103
\Gm@wd@mp=\dimen104
\Gm@odd@mp=\dimen105
\Gm@even@mp=\dimen106
\Gm@layoutwidth=\dimen107
\Gm@layoutheight=\dimen108
\Gm@layouthoffset=\dimen109
\Gm@layoutvoffset=\dimen110
\Gm@dimlist=\toks15
)
(/usr/local/texlive/2015/texmf-dist/tex/latex/graphics/graphicx.sty
Package: graphicx 2014/10/28 v1.0g Enhanced LaTeX Graphics (DPC,SPQR)

(/usr/local/texlive/2015/texmf-dist/tex/latex/graphics/graphics.sty
Package: graphics 2014/10/28 v1.0p Standard LaTeX Graphics (DPC,SPQR)

(/usr/local/texlive/2015/texmf-dist/tex/latex/graphics/trig.sty
Package: trig 1999/03/16 v1.09 sin cos tan (DPC)
)
(/usr/local/texlive/2015/texmf-dist/tex/latex/latexconfig/graphics.cfg
File: graphics.cfg 2010/04/23 v1.9 graphics configuration of TeX Live
)
Package graphics Info: Driver file: pdftex.def on input line 94.

(/usr/local/texlive/2015/texmf-dist/tex/latex/pdftex-def/pdftex.def
File: pdftex.def 2011/05/27 v0.06d Graphics/color for pdfTeX

(/usr/local/texlive/2015/texmf-dist/tex/generic/oberdiek/infwarerr.sty
Package: infwarerr 2010/04/08 v1.3 Providing info/warning/error messages (HO)
)
(/usr/local/texlive/2015/texmf-dist/tex/generic/oberdiek/ltxcmds.sty
Package: ltxcmds 2011/11/09 v1.22 LaTeX kernel commands for general use (HO)
)
\Gread@gobject=\count90
))
\Gin@req@height=\dimen111
\Gin@req@width=\dimen112
)
(/usr/local/texlive/2015/texmf-dist/tex/latex/amsfonts/amssymb.sty
Package: amssymb 2013/01/14 v3.01 AMS font symbols

(/usr/local/texlive/2015/texmf-dist/tex/latex/amsfonts/amsfonts.sty
Package: amsfonts 2013/01/14 v3.01 Basic AMSFonts support
\@emptytoks=\toks16
\symAMSa=\mathgroup4
\symAMSb=\mathgroup5
LaTeX Font Info:    Overwriting math alphabet `\mathfrak' in version `bold'
(Font)                  U/euf/m/n --> U/euf/b/n on input line 106.
))
(/usr/local/texlive/2015/texmf-dist/tex/latex/cjk/texinput/CJK.sty
Package: CJK 2015/04/18 4.8.4

(/usr/local/texlive/2015/texmf-dist/tex/latex/cjk/texinput/mule/MULEenc.sty
Package: MULEenc 2015/04/18 4.8.4
)
(/usr/local/texlive/2015/texmf-dist/tex/latex/cjk/texinput/CJK.enc
File: CJK.enc 2015/04/18 4.8.4
)
LaTeX Info: Redefining \selectfont on input line 755.
\CJK@indent=\box26
)
(/usr/local/texlive/2015/texmf-dist/tex/latex/listings/listings.sty
\lst@mode=\count91
\lst@gtempboxa=\box27
\lst@token=\toks17
\lst@length=\count92
\lst@currlwidth=\dimen113
\lst@column=\count93
\lst@pos=\count94
\lst@lostspace=\dimen114
\lst@width=\dimen115
\lst@newlines=\count95
\lst@lineno=\count96
\lst@maxwidth=\dimen116

(/usr/local/texlive/2015/texmf-dist/tex/latex/listings/lstmisc.sty
File: lstmisc.sty 2014/09/06 1.5e (Carsten Heinz)
\c@lstnumber=\count97
\lst@skipnumbers=\count98
\lst@framebox=\box28
)
(/usr/local/texlive/2015/texmf-dist/tex/latex/listings/listings.cfg
File: listings.cfg 2014/09/06 1.5e listings configuration
))
Package: listings 2014/09/06 1.5e (Carsten Heinz)

(/usr/local/texlive/2015/texmf-dist/tex/latex/multirow/multirow.sty
\bigstrutjot=\dimen117
)
(/usr/local/texlive/2015/texmf-dist/tex/latex/setspace/setspace.sty
Package: setspace 2011/12/19 v6.7a set line spacing
)
(/usr/local/texlive/2015/texmf-dist/tex/latex/cjk/texinput/UTF8/UTF8.bdg
File: UTF8.bdg 2015/04/18 4.8.4
)
(/usr/local/texlive/2015/texmf-dist/tex/latex/cjk/texinput/UTF8/UTF8.enc
File: UTF8.enc 2015/04/18 4.8.4
)
(/usr/local/texlive/2015/texmf-dist/tex/latex/cjk/texinput/UTF8/UTF8.chr
File: UTF8.chr 2015/04/18 4.8.4
)
(./report.aux)
\openout1 = `report.aux'.

LaTeX Font Info:    Checking defaults for OML/cmm/m/it on input line 22.
LaTeX Font Info:    ... okay on input line 22.
LaTeX Font Info:    Checking defaults for T1/cmr/m/n on input line 22.
LaTeX Font Info:    ... okay on input line 22.
LaTeX Font Info:    Checking defaults for OT1/cmr/m/n on input line 22.
LaTeX Font Info:    ... okay on input line 22.
LaTeX Font Info:    Checking defaults for OMS/cmsy/m/n on input line 22.
LaTeX Font Info:    ... okay on input line 22.
LaTeX Font Info:    Checking defaults for OMX/cmex/m/n on input line 22.
LaTeX Font Info:    ... okay on input line 22.
LaTeX Font Info:    Checking defaults for U/cmr/m/n on input line 22.
LaTeX Font Info:    ... okay on input line 22.
LaTeX Font Info:    Checking defaults for C00/song/m/n on input line 22.
LaTeX Font Info:    ... okay on input line 22.
LaTeX Font Info:    Checking defaults for C05/song/m/n on input line 22.
LaTeX Font Info:    ... okay on input line 22.
LaTeX Font Info:    Checking defaults for C09/song/m/n on input line 22.
LaTeX Font Info:    ... okay on input line 22.
LaTeX Font Info:    Checking defaults for C10/song/m/n on input line 22.
LaTeX Font Info:    ... okay on input line 22.
LaTeX Font Info:    Checking defaults for C20/song/m/n on input line 22.
LaTeX Font Info:    ... okay on input line 22.
LaTeX Font Info:    Checking defaults for C19/song/m/n on input line 22.
LaTeX Font Info:    ... okay on input line 22.
LaTeX Font Info:    Checking defaults for C40/song/m/n on input line 22.
LaTeX Font Info:    ... okay on input line 22.
LaTeX Font Info:    Checking defaults for C42/song/m/n on input line 22.
LaTeX Font Info:    ... okay on input line 22.
LaTeX Font Info:    Checking defaults for C43/song/m/n on input line 22.
LaTeX Font Info:    ... okay on input line 22.
LaTeX Font Info:    Checking defaults for C50/song/m/n on input line 22.
LaTeX Font Info:    ... okay on input line 22.
LaTeX Font Info:    Checking defaults for C52/song/m/n on input line 22.
LaTeX Font Info:    ... okay on input line 22.
LaTeX Font Info:    Checking defaults for C49/song/m/n on input line 22.
LaTeX Font Info:    ... okay on input line 22.
LaTeX Font Info:    Checking defaults for C60/mj/m/n on input line 22.
LaTeX Font Info:    ... okay on input line 22.
LaTeX Font Info:    Checking defaults for C61/mj/m/n on input line 22.
LaTeX Font Info:    ... okay on input line 22.
LaTeX Font Info:    Checking defaults for C63/mj/m/n on input line 22.
LaTeX Font Info:    ... okay on input line 22.
LaTeX Font Info:    Checking defaults for C64/mj/m/n on input line 22.
LaTeX Font Info:    ... okay on input line 22.
LaTeX Font Info:    Checking defaults for C65/mj/m/n on input line 22.
LaTeX Font Info:    ... okay on input line 22.
LaTeX Font Info:    Checking defaults for C70/song/m/n on input line 22.
LaTeX Font Info:    ... okay on input line 22.
LaTeX Font Info:    Checking defaults for C31/song/m/n on input line 22.
LaTeX Font Info:    ... okay on input line 22.
LaTeX Font Info:    Checking defaults for C32/song/m/n on input line 22.
LaTeX Font Info:    ... okay on input line 22.
LaTeX Font Info:    Checking defaults for C33/song/m/n on input line 22.
LaTeX Font Info:    ... okay on input line 22.
LaTeX Font Info:    Checking defaults for C34/song/m/n on input line 22.
LaTeX Font Info:    ... okay on input line 22.
LaTeX Font Info:    Checking defaults for C35/song/m/n on input line 22.
LaTeX Font Info:    ... okay on input line 22.
LaTeX Font Info:    Checking defaults for C36/song/m/n on input line 22.
LaTeX Font Info:    ... okay on input line 22.
LaTeX Font Info:    Checking defaults for C37/song/m/n on input line 22.
LaTeX Font Info:    ... okay on input line 22.
LaTeX Font Info:    Checking defaults for C80/song/m/n on input line 22.
LaTeX Font Info:    ... okay on input line 22.
LaTeX Font Info:    Checking defaults for C81/song/m/n on input line 22.
LaTeX Font Info:    ... okay on input line 22.
LaTeX Font Info:    Checking defaults for C01/song/m/n on input line 22.
LaTeX Font Info:    ... okay on input line 22.
LaTeX Font Info:    Checking defaults for C11/song/m/n on input line 22.
LaTeX Font Info:    ... okay on input line 22.
LaTeX Font Info:    Checking defaults for C21/song/m/n on input line 22.
LaTeX Font Info:    ... okay on input line 22.
LaTeX Font Info:    Checking defaults for C41/song/m/n on input line 22.
LaTeX Font Info:    ... okay on input line 22.
LaTeX Font Info:    Checking defaults for C62/song/m/n on input line 22.
LaTeX Font Info:    ... okay on input line 22.

*geometry* driver: auto-detecting
*geometry* detected driver: pdftex
*geometry* verbose mode - [ preamble ] result:
* driver: pdftex
* paper: letterpaper
* layout: <same size as paper>
* layoutoffset:(h,v)=(0.0pt,0.0pt)
* modes: 
* h-part:(L,W,R)=(92.14519pt, 430.00462pt, 92.14519pt)
* v-part:(T,H,B)=(95.39737pt, 556.47656pt, 143.09605pt)
* \paperwidth=614.295pt
* \paperheight=794.96999pt
* \textwidth=430.00462pt
* \textheight=556.47656pt
* \oddsidemargin=19.8752pt
* \evensidemargin=19.8752pt
* \topmargin=-13.87262pt
* \headheight=12.0pt
* \headsep=25.0pt
* \topskip=11.0pt
* \footskip=30.0pt
* \marginparwidth=59.0pt
* \marginparsep=10.0pt
* \columnsep=10.0pt
* \skip\footins=10.0pt plus 4.0pt minus 2.0pt
* \hoffset=0.0pt
* \voffset=0.0pt
* \mag=1000
* \@twocolumnfalse
* \@twosidefalse
* \@mparswitchfalse
* \@reversemarginfalse
* (1in=72.27pt=25.4mm, 1cm=28.453pt)

(/usr/local/texlive/2015/texmf-dist/tex/context/base/supp-pdf.mkii
[Loading MPS to PDF converter (version 2006.09.02).]
\scratchcounter=\count99
\scratchdimen=\dimen118
\scratchbox=\box29
\nofMPsegments=\count100
\nofMParguments=\count101
\everyMPshowfont=\toks18
\MPscratchCnt=\count102
\MPscratchDim=\dimen119
\MPnumerator=\count103
\makeMPintoPDFobject=\count104
\everyMPtoPDFconversion=\toks19
) (/usr/local/texlive/2015/texmf-dist/tex/generic/oberdiek/pdftexcmds.sty
Package: pdftexcmds 2011/11/29 v0.20 Utility functions of pdfTeX for LuaTeX (HO
)

(/usr/local/texlive/2015/texmf-dist/tex/generic/oberdiek/ifluatex.sty
Package: ifluatex 2010/03/01 v1.3 Provides the ifluatex switch (HO)
Package ifluatex Info: LuaTeX not detected.
)
Package pdftexcmds Info: LuaTeX not detected.
Package pdftexcmds Info: \pdf@primitive is available.
Package pdftexcmds Info: \pdf@ifprimitive is available.
Package pdftexcmds Info: \pdfdraftmode found.
)
(/usr/local/texlive/2015/texmf-dist/tex/latex/oberdiek/epstopdf-base.sty
Package: epstopdf-base 2010/02/09 v2.5 Base part for package epstopdf

(/usr/local/texlive/2015/texmf-dist/tex/latex/oberdiek/grfext.sty
Package: grfext 2010/08/19 v1.1 Manage graphics extensions (HO)

(/usr/local/texlive/2015/texmf-dist/tex/generic/oberdiek/kvdefinekeys.sty
Package: kvdefinekeys 2011/04/07 v1.3 Define keys (HO)
))
(/usr/local/texlive/2015/texmf-dist/tex/latex/oberdiek/kvoptions.sty
Package: kvoptions 2011/06/30 v3.11 Key value format for package options (HO)

(/usr/local/texlive/2015/texmf-dist/tex/generic/oberdiek/kvsetkeys.sty
Package: kvsetkeys 2012/04/25 v1.16 Key value parser (HO)

(/usr/local/texlive/2015/texmf-dist/tex/generic/oberdiek/etexcmds.sty
Package: etexcmds 2011/02/16 v1.5 Avoid name clashes with e-TeX commands (HO)
Package etexcmds Info: Could not find \expanded.
(etexcmds)             That can mean that you are not using pdfTeX 1.50 or
(etexcmds)             that some package has redefined \expanded.
(etexcmds)             In the latter case, load this package earlier.
)))
Package grfext Info: Graphics extension search list:
(grfext)             [.png,.pdf,.jpg,.mps,.jpeg,.jbig2,.jb2,.PNG,.PDF,.JPG,.JPE
G,.JBIG2,.JB2,.eps]
(grfext)             \AppendGraphicsExtensions on input line 452.

(/usr/local/texlive/2015/texmf-dist/tex/latex/latexconfig/epstopdf-sys.cfg
File: epstopdf-sys.cfg 2010/07/13 v1.3 Configuration of (r)epstopdf for TeX Liv
e
))
\c@lstlisting=\count105
LaTeX Font Info:    Try loading font information for C70+gbsn on input line 23.


(/usr/local/texlive/2015/texmf-dist/tex/latex/cjk/texinput/UTF8/c70gbsn.fd
File: c70gbsn.fd 2015/04/18 4.8.4
)
(/usr/local/texlive/2015/texmf-dist/tex/latex/cjk/texinput/UTF8/c70gbsn.fdx
File: c70gbsn.fdx 2015/04/18 4.8.4
)
LaTeX Font Info:    Try loading font information for U+msa on input line 23.

(/usr/local/texlive/2015/texmf-dist/tex/latex/amsfonts/umsa.fd
File: umsa.fd 2013/01/14 v3.01 AMS symbols A
)
LaTeX Font Info:    Try loading font information for U+msb on input line 23.

(/usr/local/texlive/2015/texmf-dist/tex/latex/amsfonts/umsb.fd
File: umsb.fd 2013/01/14 v3.01 AMS symbols B
) [1

{/usr/local/texlive/2015/texmf-var/fonts/map/pdftex/updmap/pdftex.map}] (./repo
rt.toc)
\tf@toc=\write3
\openout3 = `report.toc'.


[2]
Overfull \hbox (15.47821pt too wide) in paragraph at lines 38--39
[]\C70/gbsn/m/n/10.95/57 ú \C70/gbsn/m/n/10.95/67 , \C70/gbsn/m/n/10.95/88 h \C
70/gbsn/m/n/10.95/8f ¾ \C70/gbsn/m/n/10.95/5f ^^O \C70/gbsn/m/n/10.95/51 q \C70
/gbsn/m/n/10.95/67 	\OT1/cmr/m/n/10.95 9\C70/gbsn/m/n/10.95/79 Í\OT1/cmr/m/n/10
.95 :\C70/gbsn/m/n/10.95/65 t p\OT1/cmr/m/n/10.95 (Integer),"\C70/gbsn/m/n/10.9
5/77 ^^_\OT1/cmr/m/n/10.95 "(true),"\C70/gbsn/m/n/10.95/50 G\OT1/cmr/m/n/10.95 
"(false),\C70/gbsn/bx/n/10.95/5b ù \C70/gbsn/m/n/10.95/8c a\OT1/cmr/m/n/10.95 ,
this,\C70/gbsn/m/n/10.95/52 ^^] \C70/gbsn/m/n/10.95/59 Ë \C70/gbsn/m/n/10.95/53
 ^^V\OT1/cmr/m/n/10.95 (allocation),\C70/gbsn/m/n/10.95/65 p
 []

[3] (/usr/local/texlive/2015/texmf-dist/tex/latex/listings/lstlang1.sty
File: lstlang1.sty 2014/09/06 1.5e listings language file
)
LaTeX Font Info:    Try loading font information for OMS+cmr on input line 49.

(/usr/local/texlive/2015/texmf-dist/tex/latex/base/omscmr.fd
File: omscmr.fd 2014/09/29 v2.5h Standard LaTeX font definitions
)
LaTeX Font Info:    Font shape `OMS/cmr/m/n' in size <10.95> not available
(Font)              Font shape `OMS/cmsy/m/n' tried instead on input line 49.
 [4] [5]
<4.png, id=79, 795.97375pt x 527.9725pt>
File: 4.png Graphic file (type png)
 <use 4.png>
Package pdftex.def Info: 4.png used on input line 118.
(pdftex.def)             Requested size: 256.28358pt x 170.0pt.
 [6 <./4.png>]
LaTeX Font Info:    Try loading font information for OML+cmr on input line 146.


(/usr/local/texlive/2015/texmf-dist/tex/latex/base/omlcmr.fd
File: omlcmr.fd 2014/09/29 v2.5h Standard LaTeX font definitions
)
LaTeX Font Info:    Font shape `OML/cmr/m/n' in size <10.95> not available
(Font)              Font shape `OML/cmm/m/it' tried instead on input line 146.
 [7] [8] [9]
Overfull \hbox (50.70515pt too wide) in paragraph at lines 226--227
[][][][][][][][][][][][][][][][][][][][][][] 
 []


Overfull \hbox (37.56502pt too wide) in paragraph at lines 228--229
[][][][][][][][][][][][][][][][][][][][][][][][] 
 []

<2.png, id=103, 629.35126pt x 332.24126pt>
File: 2.png Graphic file (type png)
 <use 2.png>
Package pdftex.def Info: 2.png used on input line 244.
(pdftex.def)             Requested size: 378.85246pt x 200.0pt.
 [10] [11 <./2.png>]
[12]
LaTeX Font Info:    Font shape `OMS/cmr/m/it' in size <10.95> not available
(Font)              Font shape `OMS/cmsy/m/n' tried instead on input line 284.
LaTeX Font Info:    Font shape `OML/cmr/m/it' in size <10.95> not available
(Font)              Font shape `OML/cmm/m/it' tried instead on input line 285.

Overfull \hbox (3.61989pt too wide) in paragraph at lines 290--291
[][][][][][][][][][][][][][][][][][][][][][][] 
 []


Overfull \hbox (36.47023pt too wide) in paragraph at lines 291--292
[][][][][][][][][][][][][][][][][][][][][][][] 
 []


Overfull \hbox (75.89064pt too wide) in paragraph at lines 302--303
[][][][][][][][][][][][][][][][][][][][][][][][][][][][][][][][][][][] 
 []

[13]
Overfull \hbox (10.80916pt too wide) in paragraph at lines 320--321
[]\C70/gbsn/m/n/10.95/5f ^^U \C70/gbsn/m/n/10.95/51 e \C70/gbsn/bx/n/10.95/68 ^
^H\OT1/cmr/m/n/10.95 .\C70/gbsn/bx/n/10.95/67 	 \C70/gbsn/bx/n/10.95/4e ^^S \C7
0/gbsn/m/n/10.95/95 è \C70/gbsn/bx/n/10.95/76 „ \C70/gbsn/m/n/10.95/63 ^^G \C70
/gbsn/bx/n/10.95/4e ä \C70/gbsn/m/n/10.95/75 ( \C70/gbsn/bx/n/10.95/4e Ž Î \C70
/gbsn/bx/n/10.95/68 ^^H \C70/gbsn/bx/n/10.95/4e - \C70/gbsn/m/n/10.95/52   \C70
/gbsn/m/n/10.95/8f }\OT1/cmr/m/n/10.95 (ALOAD),\C70/gbsn/m/n/10.95/54 ^^Q \C70/
gbsn/bx/n/10.95/68 ^^H \C70/gbsn/bx/n/10.95/4e - \C70/gbsn/bx/n/10.95/5b X \C70
/gbsn/bx/n/10.95/50 ¨\OT1/cmr/m/n/10.95 (ASTORE),SPILLEDARG
 []

[14]
Overfull \hbox (50.70515pt too wide) in paragraph at lines 353--354
[][][][][][][][][][][][][][][][][][][][][] 
 []


Overfull \hbox (17.85481pt too wide) in paragraph at lines 354--355
[][][][][][][][][][][][][][][][][][][][] 
 []

[15] [16] [17] <3.png, id=137, 393.47pt x 392.46625pt>
File: 3.png Graphic file (type png)
 <use 3.png>
Package pdftex.def Info: 3.png used on input line 411.
(pdftex.def)             Requested size: 300.78741pt x 300.0pt.
 [18 <./3.png>] [19] [20] (./report.aux) ) 
Here is how much of TeX's memory you used:
 5826 strings out of 493089
 81481 string characters out of 6134843
 174242 words of memory out of 5000000
 9158 multiletter control sequences out of 15000+600000
 42855 words of font info for 155 fonts, out of 8000000 for 9000
 1141 hyphenation exceptions out of 8191
 38i,7n,42p,581b,2656s stack positions out of 5000i,500n,10000p,200000b,80000s
</usr/local/texlive/2015/texmf-dist/f
onts/type1/public/amsfonts/cm/cmbx10.pfb></usr/local/texlive/2015/texmf-dist/fo
nts/type1/public/amsfonts/cm/cmbx12.pfb></usr/local/texlive/2015/texmf-dist/fon
ts/type1/public/amsfonts/cm/cmmi10.pfb></usr/local/texlive/2015/texmf-dist/font
s/type1/public/amsfonts/cm/cmr10.pfb></usr/local/texlive/2015/texmf-dist/fonts/
type1/public/amsfonts/cm/cmr12.pfb></usr/local/texlive/2015/texmf-dist/fonts/ty
pe1/public/amsfonts/cm/cmsy10.pfb></usr/local/texlive/2015/texmf-dist/fonts/typ
e1/public/amsfonts/cm/cmti10.pfb></usr/local/texlive/2015/texmf-dist/fonts/type
1/arphic/gbsnu/gbsnu30.pfb></usr/local/texlive/2015/texmf-dist/fonts/type1/arph
ic/gbsnu/gbsnu4e.pfb></usr/local/texlive/2015/texmf-dist/fonts/type1/arphic/gbs
nu/gbsnu4f.pfb></usr/local/texlive/2015/texmf-dist/fonts/type1/arphic/gbsnu/gbs
nu50.pfb></usr/local/texlive/2015/texmf-dist/fonts/type1/arphic/gbsnu/gbsnu51.p
fb></usr/local/texlive/2015/texmf-dist/fonts/type1/arphic/gbsnu/gbsnu52.pfb></u
sr/local/texlive/2015/texmf-dist/fonts/type1/arphic/gbsnu/gbsnu53.pfb></usr/loc
al/texlive/2015/texmf-dist/fonts/type1/arphic/gbsnu/gbsnu54.pfb></usr/local/tex
live/2015/texmf-dist/fonts/type1/arphic/gbsnu/gbsnu56.pfb></usr/local/texlive/2
015/texmf-dist/fonts/type1/arphic/gbsnu/gbsnu57.pfb></usr/local/texlive/2015/te
xmf-dist/fonts/type1/arphic/gbsnu/gbsnu58.pfb></usr/local/texlive/2015/texmf-di
st/fonts/type1/arphic/gbsnu/gbsnu59.pfb></usr/local/texlive/2015/texmf-dist/fon
ts/type1/arphic/gbsnu/gbsnu5b.pfb></usr/local/texlive/2015/texmf-dist/fonts/typ
e1/arphic/gbsnu/gbsnu5c.pfb></usr/local/texlive/2015/texmf-dist/fonts/type1/arp
hic/gbsnu/gbsnu5d.pfb></usr/local/texlive/2015/texmf-dist/fonts/type1/arphic/gb
snu/gbsnu5e.pfb></usr/local/texlive/2015/texmf-dist/fonts/type1/arphic/gbsnu/gb
snu5f.pfb></usr/local/texlive/2015/texmf-dist/fonts/type1/arphic/gbsnu/gbsnu60.
pfb></usr/local/texlive/2015/texmf-dist/fonts/type1/arphic/gbsnu/gbsnu61.pfb></
usr/local/texlive/2015/texmf-dist/fonts/type1/arphic/gbsnu/gbsnu62.pfb></usr/lo
cal/texlive/2015/texmf-dist/fonts/type1/arphic/gbsnu/gbsnu63.pfb></usr/local/te
xlive/2015/texmf-dist/fonts/type1/arphic/gbsnu/gbsnu64.pfb></usr/local/texlive/
2015/texmf-dist/fonts/type1/arphic/gbsnu/gbsnu65.pfb></usr/local/texlive/2015/t
exmf-dist/fonts/type1/arphic/gbsnu/gbsnu66.pfb></usr/local/texlive/2015/texmf-d
ist/fonts/type1/arphic/gbsnu/gbsnu67.pfb></usr/local/texlive/2015/texmf-dist/fo
nts/type1/arphic/gbsnu/gbsnu68.pfb></usr/local/texlive/2015/texmf-dist/fonts/ty
pe1/arphic/gbsnu/gbsnu69.pfb></usr/local/texlive/2015/texmf-dist/fonts/type1/ar
phic/gbsnu/gbsnu6a.pfb></usr/local/texlive/2015/texmf-dist/fonts/type1/arphic/g
bsnu/gbsnu6b.pfb></usr/local/texlive/2015/texmf-dist/fonts/type1/arphic/gbsnu/g
bsnu6c.pfb></usr/local/texlive/2015/texmf-dist/fonts/type1/arphic/gbsnu/gbsnu6d
.pfb></usr/local/texlive/2015/texmf-dist/fonts/type1/arphic/gbsnu/gbsnu6e.pfb><
/usr/local/texlive/2015/texmf-dist/fonts/type1/arphic/gbsnu/gbsnu70.pfb></usr/l
ocal/texlive/2015/texmf-dist/fonts/type1/arphic/gbsnu/gbsnu71.pfb></usr/local/t
exlive/2015/texmf-dist/fonts/type1/arphic/gbsnu/gbsnu72.pfb></usr/local/texlive
/2015/texmf-dist/fonts/type1/arphic/gbsnu/gbsnu73.pfb></usr/local/texlive/2015/
texmf-dist/fonts/type1/arphic/gbsnu/gbsnu74.pfb></usr/local/texlive/2015/texmf-
dist/fonts/type1/arphic/gbsnu/gbsnu75.pfb></usr/local/texlive/2015/texmf-dist/f
onts/type1/arphic/gbsnu/gbsnu76.pfb></usr/local/texlive/2015/texmf-dist/fonts/t
ype1/arphic/gbsnu/gbsnu77.pfb></usr/local/texlive/2015/texmf-dist/fonts/type1/a
rphic/gbsnu/gbsnu78.pfb></usr/local/texlive/2015/texmf-dist/fonts/type1/arphic/
gbsnu/gbsnu79.pfb></usr/local/texlive/2015/texmf-dist/fonts/type1/arphic/gbsnu/
gbsnu7a.pfb></usr/local/texlive/2015/texmf-dist/fonts/type1/arphic/gbsnu/gbsnu7
b.pfb></usr/local/texlive/2015/texmf-dist/fonts/type1/arphic/gbsnu/gbsnu7c.pfb>
</usr/local/texlive/2015/texmf-dist/fonts/type1/arphic/gbsnu/gbsnu7d.pfb></usr/
local/texlive/2015/texmf-dist/fonts/type1/arphic/gbsnu/gbsnu7e.pfb></usr/local/
texlive/2015/texmf-dist/fonts/type1/arphic/gbsnu/gbsnu7f.pfb></usr/local/texliv
e/2015/texmf-dist/fonts/type1/arphic/gbsnu/gbsnu80.pfb></usr/local/texlive/2015
/texmf-dist/fonts/type1/arphic/gbsnu/gbsnu81.pfb></usr/local/texlive/2015/texmf
-dist/fonts/type1/arphic/gbsnu/gbsnu82.pfb></usr/local/texlive/2015/texmf-dist/
fonts/type1/arphic/gbsnu/gbsnu83.pfb></usr/local/texlive/2015/texmf-dist/fonts/
type1/arphic/gbsnu/gbsnu86.pfb></usr/local/texlive/2015/texmf-dist/fonts/type1/
arphic/gbsnu/gbsnu88.pfb></usr/local/texlive/2015/texmf-dist/fonts/type1/arphic
/gbsnu/gbsnu89.pfb></usr/local/texlive/2015/texmf-dist/fonts/type1/arphic/gbsnu
/gbsnu8a.pfb></usr/local/texlive/2015/texmf-dist/fonts/type1/arphic/gbsnu/gbsnu
8b.pfb></usr/local/texlive/2015/texmf-dist/fonts/type1/arphic/gbsnu/gbsnu8c.pfb
></usr/local/texlive/2015/texmf-dist/fonts/type1/arphic/gbsnu/gbsnu8d.pfb></usr
/local/texlive/2015/texmf-dist/fonts/type1/arphic/gbsnu/gbsnu8f.pfb></usr/local
/texlive/2015/texmf-dist/fonts/type1/arphic/gbsnu/gbsnu90.pfb></usr/local/texli
ve/2015/texmf-dist/fonts/type1/arphic/gbsnu/gbsnu91.pfb></usr/local/texlive/201
5/texmf-dist/fonts/type1/arphic/gbsnu/gbsnu94.pfb></usr/local/texlive/2015/texm
f-dist/fonts/type1/arphic/gbsnu/gbsnu95.pfb></usr/local/texlive/2015/texmf-dist
/fonts/type1/arphic/gbsnu/gbsnu96.pfb></usr/local/texlive/2015/texmf-dist/fonts
/type1/arphic/gbsnu/gbsnu97.pfb></usr/local/texlive/2015/texmf-dist/fonts/type1
/arphic/gbsnu/gbsnu98.pfb></usr/local/texlive/2015/texmf-dist/fonts/type1/arphi
c/gbsnu/gbsnu99.pfb></usr/local/texlive/2015/texmf-dist/fonts/type1/arphic/gbsn
u/gbsnu9a.pfb></usr/local/texlive/2015/texmf-dist/fonts/type1/arphic/gbsnu/gbsn
u9e.pfb></usr/local/texlive/2015/texmf-dist/fonts/type1/arphic/gbsnu/gbsnuff.pf
b>
Output written on report.pdf (20 pages, 519386 bytes).
PDF statistics:
 390 PDF objects out of 1000 (max. 8388607)
 281 compressed objects within 3 object streams
 0 named destinations out of 1000 (max. 500000)
 16 words of extra memory for PDF output out of 10000 (max. 10000000)

